<?xml version="1.0" encoding="UTF-8"?>
<testng-results ignored="0" total="1" passed="1" failed="0" skipped="0">
  <reporter-output>
  </reporter-output>
  <suite started-at="2021-11-19T12:19:27Z" name="Default suite" finished-at="2021-11-19T12:19:35Z" duration-ms="8259">
    <groups>
    </groups>
    <test started-at="2021-11-19T12:19:27Z" name="Default test" finished-at="2021-11-19T12:19:35Z" duration-ms="8259">
      <class name="testPackage.TC_SearchUser">
        <test-method is-config="true" signature="init()[pri:0, instance:testPackage.TC_SearchUser@57576994]" started-at="2021-11-19T12:19:27Z" name="init" finished-at="2021-11-19T12:19:31Z" duration-ms="3659" status="PASS">
          <reporter-output>
          </reporter-output>
        </test-method> <!-- init -->
        <test-method signature="TestClass()[pri:0, instance:testPackage.TC_SearchUser@57576994]" started-at="2021-11-19T12:19:31Z" name="TestClass" finished-at="2021-11-19T12:19:34Z" duration-ms="3507" status="PASS">
          <reporter-output>
          </reporter-output>
        </test-method> <!-- TestClass -->
        <test-method is-config="true" signature="tearDown()[pri:0, instance:testPackage.TC_SearchUser@57576994]" started-at="2021-11-19T12:19:34Z" name="tearDown" finished-at="2021-11-19T12:19:35Z" duration-ms="1054" status="PASS">
          <reporter-output>
          </reporter-output>
        </test-method> <!-- tearDown -->
      </class> <!-- testPackage.TC_SearchUser -->
    </test> <!-- Default test -->
  </suite> <!-- Default suite -->
</testng-results>
